[2018-05-12T12:16:09] [33mInfo[0m: [92m~~~~~~~~~~~~LANCEMENT DE L'APPLICATION()~~~~~~~~~~~~[0m ((null):0, (null))
[2018-05-12T12:16:09] [94mDebug[0m: ./enibar_display_config ((null):0, (null))
[2018-05-12T12:16:09] [0;31mWarning[0m: QStandardPaths: XDG_RUNTIME_DIR not set, defaulting to '/tmp/runtime-root' ((null):0, (null))
[2018-05-12T12:16:09] [33mInfo[0m: init () ((null):0, (null))
[2018-05-12T12:16:09] [94mDebug[0m: create an enibar_bdd_management object ((null):0, (null))
[2018-05-12T12:16:09] [94mDebug[0m: try to connect ((null):0, (null))
[2018-05-12T12:16:09] [35Critical[0m: fail to connect to enibar bdd ((null):0, (null))
[2018-05-12T12:16:13] [94mDebug[0m: try to connect ((null):0, (null))
[2018-05-12T12:16:13] [33mInfo[0m: false ((null):0, (null))
[2018-05-12T12:16:13] [0;31mWarning[0m: fail query ((null):0, (null))
[2018-05-12T12:16:13] [33mInfo[0m: QSqlError("1", "Unable to execute statement", "near \"SHOW\": syntax error") ((null):0, (null))
[2018-05-12T12:16:13] [33mInfo[0m: config file found ((null):0, (null))
[2018-05-12T12:16:13] [94mDebug[0m: "barometre" ((null):0, (null))
[2018-05-12T12:16:13] [94mDebug[0m: "houloulou" ((null):0, (null))
[2018-05-12T12:16:13] [33mInfo[0m: refresh () ((null):0, (null))
[2018-05-12T12:16:13] [94mDebug[0m: "barometre" ((null):0, (null))
[2018-05-12T12:16:13] [94mDebug[0m: "houloulou" ((null):0, (null))
[2018-05-12T12:16:13] [94mDebug[0m: "conso" true ((null):0, (null))
[2018-05-12T12:16:13] [94mDebug[0m: "event" true ((null):0, (null))
[2018-05-12T12:16:13] [94mDebug[0m: "message" true ((null):0, (null))
[2018-05-12T12:16:13] [33mInfo[0m: getListEvent ((null):0, (null))
[2018-05-12T12:16:13] [33mInfo[0m: run ((null):0, (null))
[2018-05-12T12:16:13] [94mDebug[0m: change event ((null):0, (null))
[2018-05-12T12:16:13] [33mInfo[0m: refresh () ((null):0, (null))
[2018-05-12T12:16:13] [94mDebug[0m: "barometre" ((null):0, (null))
[2018-05-12T12:16:13] [94mDebug[0m: "houloulou" ((null):0, (null))
[2018-05-12T12:16:13] [94mDebug[0m: "conso" true ((null):0, (null))
[2018-05-12T12:16:13] [94mDebug[0m: "event" true ((null):0, (null))
[2018-05-12T12:16:13] [94mDebug[0m: "message" true ((null):0, (null))
[2018-05-12T12:16:13] [33mInfo[0m: getListEvent ((null):0, (null))
[2018-05-12T12:16:14] [33mInfo[0m: [91m~~~~~~~~~~~~FERMETURE DE L'APPLICATION()~~~~~~~~~~~~[0m ((null):0, (null))
[2018-05-12T12:16:14] [94mDebug[0m: create an display_bdd_management object ((null):0, (null))
[2018-05-12T12:16:21] [33mInfo[0m: [92m~~~~~~~~~~~~LANCEMENT DE L'APPLICATION()~~~~~~~~~~~~[0m ((null):0, (null))
[2018-05-12T12:16:21] [94mDebug[0m: ./enibar_display_config ((null):0, (null))
[2018-05-12T12:16:21] [0;31mWarning[0m: QStandardPaths: XDG_RUNTIME_DIR not set, defaulting to '/tmp/runtime-root' ((null):0, (null))
[2018-05-12T12:16:21] [33mInfo[0m: init () ((null):0, (null))
[2018-05-12T12:16:21] [94mDebug[0m: create an enibar_bdd_management object ((null):0, (null))
[2018-05-12T12:16:21] [94mDebug[0m: try to connect ((null):0, (null))
[2018-05-12T12:16:21] [94mDebug[0m: try to connect ((null):0, (null))
[2018-05-12T12:16:21] [33mInfo[0m: false ((null):0, (null))
[2018-05-12T12:16:21] [0;31mWarning[0m: fail query ((null):0, (null))
[2018-05-12T12:16:21] [33mInfo[0m: QSqlError("1", "Unable to execute statement", "near \"SHOW\": syntax error") ((null):0, (null))
[2018-05-12T12:16:21] [33mInfo[0m: config file found ((null):0, (null))
[2018-05-12T12:16:21] [94mDebug[0m: "barometre" ((null):0, (null))
[2018-05-12T12:16:21] [94mDebug[0m: "houloulou" ((null):0, (null))
[2018-05-12T12:16:21] [33mInfo[0m: refresh () ((null):0, (null))
[2018-05-12T12:16:21] [94mDebug[0m: "barometre" ((null):0, (null))
[2018-05-12T12:16:21] [94mDebug[0m: "houloulou" ((null):0, (null))
[2018-05-12T12:16:21] [94mDebug[0m: "conso" true ((null):0, (null))
[2018-05-12T12:16:21] [94mDebug[0m: "event" true ((null):0, (null))
[2018-05-12T12:16:21] [94mDebug[0m: "message" true ((null):0, (null))
[2018-05-12T12:16:21] [33mInfo[0m: getListEvent ((null):0, (null))
[2018-05-12T12:16:21] [33mInfo[0m: run ((null):0, (null))
[2018-05-12T12:16:21] [94mDebug[0m: change event ((null):0, (null))
[2018-05-12T12:16:21] [33mInfo[0m: refresh () ((null):0, (null))
[2018-05-12T12:16:21] [94mDebug[0m: "barometre" ((null):0, (null))
[2018-05-12T12:16:21] [94mDebug[0m: "houloulou" ((null):0, (null))
[2018-05-12T12:16:21] [94mDebug[0m: "conso" true ((null):0, (null))
[2018-05-12T12:16:21] [94mDebug[0m: "event" true ((null):0, (null))
[2018-05-12T12:16:21] [94mDebug[0m: "message" true ((null):0, (null))
[2018-05-12T12:16:21] [33mInfo[0m: getListEvent ((null):0, (null))
[2018-05-12T12:16:45] [33mInfo[0m: open dialogEvent ((null):0, (null))
[2018-05-12T12:16:45] [33mInfo[0m: run DialogEvent ((null):0, (null))
[2018-05-12T12:16:45] [33mInfo[0m: refresh ((null):0, (null))
[2018-05-12T12:16:45] [33mInfo[0m: getListEvent ((null):0, (null))
[2018-05-12T12:16:45] [33mInfo[0m: change event ((null):0, (null))
[2018-05-12T12:16:45] [33mInfo[0m: refresh ((null):0, (null))
[2018-05-12T12:16:45] [33mInfo[0m: getListEvent ((null):0, (null))
[2018-05-12T12:16:46] [94mDebug[0m: Event filter: other key pressed ((null):0, (null))
[2018-05-12T12:16:46] [94mDebug[0m: other 16777249 ((null):0, (null))
[2018-05-12T12:16:47] [33mInfo[0m: open dialog_new_event ((null):0, (null))
[2018-05-12T12:16:47] [33mInfo[0m: run Dialog_new_event ((null):0, (null))
[2018-05-12T12:16:55] [33mInfo[0m: startDateTimeEditEditingFinished ((null):0, (null))
[2018-05-12T12:16:56] [33mInfo[0m: endDateTimeEditEditingFinished ((null):0, (null))
[2018-05-12T12:16:56] [33mInfo[0m: newEventAdd ((null):0, (null))
[2018-05-12T12:16:56] [33mInfo[0m: addEvent ((null):0, (null))
[2018-05-12T12:16:56] [94mDebug[0m: true ((null):0, (null))
[2018-05-12T12:16:56] [94mDebug[0m: 1 ((null):0, (null))
[2018-05-12T12:16:56] [94mDebug[0m: QJsonValue(object, QJsonObject({"details":"","endDateTime":"2018-05-14T12:16:47","name":"h","startDateTime":"2018-05-13T12:16:47","visible":"1"})) ((null):0, (null))
[2018-05-12T12:16:56] [33mInfo[0m: succeed to add an event ((null):0, (null))
[2018-05-12T12:16:56] [33mInfo[0m: endDateTimeEditEditingFinished ((null):0, (null))
[2018-05-12T12:16:56] [33mInfo[0m: can run dialog_new_event ((null):0, (null))
[2018-05-12T12:16:56] [33mInfo[0m: end Dialog_new_event ((null):0, (null))
[2018-05-12T12:16:56] [33mInfo[0m: change event ((null):0, (null))
[2018-05-12T12:16:56] [33mInfo[0m: refresh ((null):0, (null))
[2018-05-12T12:16:56] [33mInfo[0m: getListEvent ((null):0, (null))
[2018-05-12T12:16:56] [33mInfo[0m: change event ((null):0, (null))
[2018-05-12T12:16:56] [33mInfo[0m: refresh ((null):0, (null))
[2018-05-12T12:16:56] [33mInfo[0m: getListEvent ((null):0, (null))
[2018-05-12T12:16:57] [94mDebug[0m: Event filter: other key pressed ((null):0, (null))
[2018-05-12T12:16:57] [94mDebug[0m: other 16777249 ((null):0, (null))
[2018-05-12T12:16:57] [33mInfo[0m: open dialog_new_event ((null):0, (null))
[2018-05-12T12:16:57] [33mInfo[0m: run Dialog_new_event ((null):0, (null))
[2018-05-12T12:17:01] [33mInfo[0m: startDateTimeEditEditingFinished ((null):0, (null))
[2018-05-12T12:17:02] [33mInfo[0m: endDateTimeEditEditingFinished ((null):0, (null))
[2018-05-12T12:17:02] [33mInfo[0m: newEventAdd ((null):0, (null))
[2018-05-12T12:17:02] [33mInfo[0m: addEvent ((null):0, (null))
[2018-05-12T12:17:02] [94mDebug[0m: true ((null):0, (null))
[2018-05-12T12:17:02] [94mDebug[0m: 1 ((null):0, (null))
[2018-05-12T12:17:02] [94mDebug[0m: QJsonValue(object, QJsonObject({"details":"","endDateTime":"2018-05-14T12:16:57","name":"h","startDateTime":"2018-05-13T12:16:57","visible":"1"})) ((null):0, (null))
[2018-05-12T12:17:02] [33mInfo[0m: succeed to add an event ((null):0, (null))
[2018-05-12T12:17:02] [33mInfo[0m: endDateTimeEditEditingFinished ((null):0, (null))
[2018-05-12T12:17:02] [33mInfo[0m: can run dialog_new_event ((null):0, (null))
[2018-05-12T12:17:02] [33mInfo[0m: end Dialog_new_event ((null):0, (null))
[2018-05-12T12:17:02] [33mInfo[0m: change event ((null):0, (null))
[2018-05-12T12:17:02] [33mInfo[0m: refresh ((null):0, (null))
[2018-05-12T12:17:02] [33mInfo[0m: getListEvent ((null):0, (null))
[2018-05-12T12:17:02] [33mInfo[0m: change event ((null):0, (null))
[2018-05-12T12:17:02] [33mInfo[0m: refresh ((null):0, (null))
[2018-05-12T12:17:02] [33mInfo[0m: getListEvent ((null):0, (null))
[2018-05-12T12:17:03] [94mDebug[0m: Event filter: other key pressed ((null):0, (null))
[2018-05-12T12:17:03] [94mDebug[0m: other 16777249 ((null):0, (null))
[2018-05-12T12:17:03] [33mInfo[0m: open dialog_new_event ((null):0, (null))
[2018-05-12T12:17:03] [33mInfo[0m: run Dialog_new_event ((null):0, (null))
[2018-05-12T12:17:09] [33mInfo[0m: startDateTimeEditEditingFinished ((null):0, (null))
[2018-05-12T12:17:10] [33mInfo[0m: endDateTimeEditEditingFinished ((null):0, (null))
[2018-05-12T12:17:10] [33mInfo[0m: newEventAdd ((null):0, (null))
[2018-05-12T12:17:10] [33mInfo[0m: addEvent ((null):0, (null))
[2018-05-12T12:17:10] [94mDebug[0m: true ((null):0, (null))
[2018-05-12T12:17:10] [94mDebug[0m: 1 ((null):0, (null))
[2018-05-12T12:17:10] [94mDebug[0m: QJsonValue(object, QJsonObject({"details":"","endDateTime":"2018-05-14T12:17:03","name":"j","startDateTime":"2018-05-13T12:17:03","visible":"1"})) ((null):0, (null))
[2018-05-12T12:17:10] [33mInfo[0m: succeed to add an event ((null):0, (null))
[2018-05-12T12:17:10] [33mInfo[0m: endDateTimeEditEditingFinished ((null):0, (null))
[2018-05-12T12:17:10] [33mInfo[0m: can run dialog_new_event ((null):0, (null))
[2018-05-12T12:17:10] [33mInfo[0m: end Dialog_new_event ((null):0, (null))
[2018-05-12T12:17:10] [33mInfo[0m: change event ((null):0, (null))
[2018-05-12T12:17:10] [33mInfo[0m: refresh ((null):0, (null))
[2018-05-12T12:17:10] [33mInfo[0m: getListEvent ((null):0, (null))
[2018-05-12T12:17:10] [33mInfo[0m: change event ((null):0, (null))
[2018-05-12T12:17:10] [33mInfo[0m: refresh ((null):0, (null))
[2018-05-12T12:17:10] [33mInfo[0m: getListEvent ((null):0, (null))
[2018-05-12T12:17:12] [94mDebug[0m: Event filter: other key pressed ((null):0, (null))
[2018-05-12T12:17:12] [94mDebug[0m: Escape ((null):0, (null))
[2018-05-12T12:17:12] [33mInfo[0m: can run dialogEvent ((null):0, (null))
[2018-05-12T12:17:12] [33mInfo[0m: end DialogEvent ((null):0, (null))
[2018-05-12T12:17:12] [94mDebug[0m: change event ((null):0, (null))
[2018-05-12T12:17:12] [33mInfo[0m: refresh () ((null):0, (null))
[2018-05-12T12:17:12] [94mDebug[0m: "barometre" ((null):0, (null))
[2018-05-12T12:17:12] [94mDebug[0m: "houloulou" ((null):0, (null))
[2018-05-12T12:17:12] [94mDebug[0m: "conso" true ((null):0, (null))
[2018-05-12T12:17:12] [94mDebug[0m: "event" true ((null):0, (null))
[2018-05-12T12:17:12] [94mDebug[0m: "message" true ((null):0, (null))
[2018-05-12T12:17:12] [33mInfo[0m: getListEvent ((null):0, (null))
[2018-05-12T12:17:17] [33mInfo[0m: [91m~~~~~~~~~~~~FERMETURE DE L'APPLICATION()~~~~~~~~~~~~[0m ((null):0, (null))
[2018-05-12T12:17:17] [94mDebug[0m: create an display_bdd_management object ((null):0, (null))
[2018-05-12T12:20:56] [33mInfo[0m: [92m~~~~~~~~~~~~LANCEMENT DE L'APPLICATION()~~~~~~~~~~~~[0m ((null):0, (null))
[2018-05-12T12:20:56] [94mDebug[0m: ./enibar_display_config ((null):0, (null))
[2018-05-12T12:20:56] [0;31mWarning[0m: QStandardPaths: XDG_RUNTIME_DIR not set, defaulting to '/tmp/runtime-root' ((null):0, (null))
[2018-05-12T12:20:56] [33mInfo[0m: init () ((null):0, (null))
[2018-05-12T12:20:56] [94mDebug[0m: create an enibar_bdd_management object ((null):0, (null))
[2018-05-12T12:20:56] [94mDebug[0m: try to connect ((null):0, (null))
[2018-05-12T12:20:56] [94mDebug[0m: try to connect ((null):0, (null))
[2018-05-12T12:20:56] [33mInfo[0m: false ((null):0, (null))
[2018-05-12T12:20:56] [0;31mWarning[0m: fail query ((null):0, (null))
[2018-05-12T12:20:56] [33mInfo[0m: QSqlError("1", "Unable to execute statement", "near \"SHOW\": syntax error") ((null):0, (null))
[2018-05-12T12:20:57] [33mInfo[0m: config file found ((null):0, (null))
[2018-05-12T12:20:57] [94mDebug[0m: "barometre" ((null):0, (null))
[2018-05-12T12:20:57] [94mDebug[0m: "houloulou" ((null):0, (null))
[2018-05-12T12:20:57] [33mInfo[0m: refresh () ((null):0, (null))
[2018-05-12T12:20:57] [94mDebug[0m: "barometre" ((null):0, (null))
[2018-05-12T12:20:57] [94mDebug[0m: "houloulou" ((null):0, (null))
[2018-05-12T12:20:57] [94mDebug[0m: "conso" true ((null):0, (null))
[2018-05-12T12:20:57] [94mDebug[0m: "event" true ((null):0, (null))
[2018-05-12T12:20:57] [94mDebug[0m: "message" true ((null):0, (null))
[2018-05-12T12:20:57] [33mInfo[0m: getListEvent ((null):0, (null))
[2018-05-12T12:20:57] [33mInfo[0m: run ((null):0, (null))
[2018-05-12T12:20:57] [94mDebug[0m: change event ((null):0, (null))
[2018-05-12T12:20:57] [33mInfo[0m: refresh () ((null):0, (null))
[2018-05-12T12:20:57] [94mDebug[0m: "barometre" ((null):0, (null))
[2018-05-12T12:20:57] [94mDebug[0m: "houloulou" ((null):0, (null))
[2018-05-12T12:20:57] [94mDebug[0m: "conso" true ((null):0, (null))
[2018-05-12T12:20:57] [94mDebug[0m: "event" true ((null):0, (null))
[2018-05-12T12:20:57] [94mDebug[0m: "message" true ((null):0, (null))
[2018-05-12T12:20:57] [33mInfo[0m: getListEvent ((null):0, (null))
[2018-05-12T12:21:42] [33mInfo[0m: open dialogMessage ((null):0, (null))
[2018-05-12T12:21:42] [33mInfo[0m: run DialogMessage ((null):0, (null))
[2018-05-12T12:21:42] [94mDebug[0m: "barometre" ((null):0, (null))
[2018-05-12T12:21:42] [94mDebug[0m: "houloulou" ((null):0, (null))
[2018-05-12T12:21:46] [33mInfo[0m: "save bar_name as barometre and scrolling_message as houlouloujhfffffffffffffffffffffffffffffffffffffffffffffff" ((null):0, (null))
[2018-05-12T12:21:46] [94mDebug[0m: "barometre" ((null):0, (null))
[2018-05-12T12:21:46] [94mDebug[0m: "houlouloujhfffffffffffffffffffffffffffffffffffffffffffffff" ((null):0, (null))
[2018-05-12T12:21:46] [33mInfo[0m: can run dialogMessage ((null):0, (null))
[2018-05-12T12:21:46] [33mInfo[0m: end DialogMessage ((null):0, (null))
[2018-05-12T12:21:46] [94mDebug[0m: change event ((null):0, (null))
[2018-05-12T12:21:46] [33mInfo[0m: refresh () ((null):0, (null))
[2018-05-12T12:21:46] [94mDebug[0m: "barometre" ((null):0, (null))
[2018-05-12T12:21:46] [94mDebug[0m: "houlouloujhfffffffffffffffffffffffffffffffffffffffffffffff" ((null):0, (null))
[2018-05-12T12:21:46] [94mDebug[0m: "conso" true ((null):0, (null))
[2018-05-12T12:21:46] [94mDebug[0m: "event" true ((null):0, (null))
[2018-05-12T12:21:46] [94mDebug[0m: "message" true ((null):0, (null))
[2018-05-12T12:21:46] [33mInfo[0m: getListEvent ((null):0, (null))
[2018-05-12T12:21:55] [33mInfo[0m: open dialogMessage ((null):0, (null))
[2018-05-12T12:21:55] [33mInfo[0m: run DialogMessage ((null):0, (null))
[2018-05-12T12:21:55] [94mDebug[0m: "barometre" ((null):0, (null))
[2018-05-12T12:21:55] [94mDebug[0m: "houlouloujhfffffffffffffffffffffffffffffffffffffffffffffff" ((null):0, (null))
[2018-05-12T12:21:59] [33mInfo[0m: "save bar_name as barometre and scrolling_message as houloulou" ((null):0, (null))
[2018-05-12T12:21:59] [94mDebug[0m: "barometre" ((null):0, (null))
[2018-05-12T12:21:59] [94mDebug[0m: "houloulou" ((null):0, (null))
[2018-05-12T12:21:59] [33mInfo[0m: can run dialogMessage ((null):0, (null))
[2018-05-12T12:21:59] [33mInfo[0m: end DialogMessage ((null):0, (null))
[2018-05-12T12:21:59] [94mDebug[0m: change event ((null):0, (null))
[2018-05-12T12:21:59] [33mInfo[0m: refresh () ((null):0, (null))
[2018-05-12T12:21:59] [94mDebug[0m: "barometre" ((null):0, (null))
[2018-05-12T12:21:59] [94mDebug[0m: "houloulou" ((null):0, (null))
[2018-05-12T12:21:59] [94mDebug[0m: "conso" true ((null):0, (null))
[2018-05-12T12:21:59] [94mDebug[0m: "event" true ((null):0, (null))
[2018-05-12T12:21:59] [94mDebug[0m: "message" true ((null):0, (null))
[2018-05-12T12:21:59] [33mInfo[0m: getListEvent ((null):0, (null))
[2018-05-12T12:22:02] [33mInfo[0m: [91m~~~~~~~~~~~~FERMETURE DE L'APPLICATION()~~~~~~~~~~~~[0m ((null):0, (null))
[2018-05-12T12:22:02] [94mDebug[0m: create an display_bdd_management object ((null):0, (null))
[2018-05-12T12:23:08] [33mInfo[0m: [92m~~~~~~~~~~~~LANCEMENT DE L'APPLICATION()~~~~~~~~~~~~[0m ((null):0, (null))
[2018-05-12T12:23:08] [94mDebug[0m: ./enibar_display_config ((null):0, (null))
[2018-05-12T12:23:08] [0;31mWarning[0m: QStandardPaths: XDG_RUNTIME_DIR not set, defaulting to '/tmp/runtime-root' ((null):0, (null))
[2018-05-12T12:23:08] [33mInfo[0m: init () ((null):0, (null))
[2018-05-12T12:23:08] [94mDebug[0m: create an enibar_bdd_management object ((null):0, (null))
[2018-05-12T12:23:08] [94mDebug[0m: try to connect ((null):0, (null))
[2018-05-12T12:23:08] [94mDebug[0m: try to connect ((null):0, (null))
[2018-05-12T12:23:08] [33mInfo[0m: false ((null):0, (null))
[2018-05-12T12:23:08] [0;31mWarning[0m: fail query ((null):0, (null))
[2018-05-12T12:23:08] [33mInfo[0m: QSqlError("1", "Unable to execute statement", "near \"SHOW\": syntax error") ((null):0, (null))
[2018-05-12T12:23:08] [33mInfo[0m: config file found ((null):0, (null))
[2018-05-12T12:23:08] [94mDebug[0m: "barometre" ((null):0, (null))
[2018-05-12T12:23:08] [94mDebug[0m: "houloulou" ((null):0, (null))
[2018-05-12T12:23:08] [33mInfo[0m: refresh () ((null):0, (null))
[2018-05-12T12:23:08] [94mDebug[0m: "barometre" ((null):0, (null))
[2018-05-12T12:23:08] [94mDebug[0m: "houloulou" ((null):0, (null))
[2018-05-12T12:23:08] [94mDebug[0m: "conso" true ((null):0, (null))
[2018-05-12T12:23:08] [94mDebug[0m: "event" true ((null):0, (null))
[2018-05-12T12:23:08] [94mDebug[0m: "message" true ((null):0, (null))
[2018-05-12T12:23:08] [33mInfo[0m: getListEvent ((null):0, (null))
[2018-05-12T12:23:08] [33mInfo[0m: run ((null):0, (null))
[2018-05-12T12:23:08] [94mDebug[0m: change event ((null):0, (null))
[2018-05-12T12:23:08] [33mInfo[0m: refresh () ((null):0, (null))
[2018-05-12T12:23:08] [94mDebug[0m: "barometre" ((null):0, (null))
[2018-05-12T12:23:08] [94mDebug[0m: "houloulou" ((null):0, (null))
[2018-05-12T12:23:08] [94mDebug[0m: "conso" true ((null):0, (null))
[2018-05-12T12:23:08] [94mDebug[0m: "event" true ((null):0, (null))
[2018-05-12T12:23:08] [94mDebug[0m: "message" true ((null):0, (null))
[2018-05-12T12:23:08] [33mInfo[0m: getListEvent ((null):0, (null))
[2018-05-12T12:23:10] [33mInfo[0m: open dialogEvent ((null):0, (null))
[2018-05-12T12:23:10] [33mInfo[0m: run DialogEvent ((null):0, (null))
[2018-05-12T12:23:10] [33mInfo[0m: refresh ((null):0, (null))
[2018-05-12T12:23:10] [33mInfo[0m: getListEvent ((null):0, (null))
[2018-05-12T12:23:10] [33mInfo[0m: change event ((null):0, (null))
[2018-05-12T12:23:10] [33mInfo[0m: refresh ((null):0, (null))
[2018-05-12T12:23:10] [33mInfo[0m: getListEvent ((null):0, (null))
[2018-05-12T12:23:11] [94mDebug[0m: Event filter: other key pressed ((null):0, (null))
[2018-05-12T12:23:11] [94mDebug[0m: other 16777249 ((null):0, (null))
[2018-05-12T12:23:12] [33mInfo[0m: open dialog_new_event ((null):0, (null))
[2018-05-12T12:23:12] [33mInfo[0m: run Dialog_new_event ((null):0, (null))
[2018-05-12T12:23:12] [33mInfo[0m: can run dialog_new_event ((null):0, (null))
[2018-05-12T12:23:12] [33mInfo[0m: end Dialog_new_event ((null):0, (null))
[2018-05-12T12:23:12] [33mInfo[0m: change event ((null):0, (null))
[2018-05-12T12:23:12] [33mInfo[0m: refresh ((null):0, (null))
[2018-05-12T12:23:12] [33mInfo[0m: getListEvent ((null):0, (null))
[2018-05-12T12:23:12] [33mInfo[0m: change event ((null):0, (null))
[2018-05-12T12:23:12] [33mInfo[0m: refresh ((null):0, (null))
[2018-05-12T12:23:12] [33mInfo[0m: getListEvent ((null):0, (null))
[2018-05-12T12:23:13] [94mDebug[0m: Event filter: other key pressed ((null):0, (null))
[2018-05-12T12:23:13] [94mDebug[0m: Escape ((null):0, (null))
[2018-05-12T12:23:13] [33mInfo[0m: can run dialogEvent ((null):0, (null))
[2018-05-12T12:23:13] [33mInfo[0m: end DialogEvent ((null):0, (null))
[2018-05-12T12:23:13] [94mDebug[0m: change event ((null):0, (null))
[2018-05-12T12:23:13] [33mInfo[0m: refresh () ((null):0, (null))
[2018-05-12T12:23:13] [94mDebug[0m: "barometre" ((null):0, (null))
[2018-05-12T12:23:13] [94mDebug[0m: "houloulou" ((null):0, (null))
[2018-05-12T12:23:13] [94mDebug[0m: "conso" true ((null):0, (null))
[2018-05-12T12:23:13] [94mDebug[0m: "event" true ((null):0, (null))
[2018-05-12T12:23:13] [94mDebug[0m: "message" true ((null):0, (null))
[2018-05-12T12:23:13] [33mInfo[0m: getListEvent ((null):0, (null))
[2018-05-12T12:23:18] [33mInfo[0m: refresh () ((null):0, (null))
[2018-05-12T12:23:18] [94mDebug[0m: "barometre" ((null):0, (null))
[2018-05-12T12:23:18] [94mDebug[0m: "houloulou" ((null):0, (null))
[2018-05-12T12:23:18] [94mDebug[0m: "conso" true ((null):0, (null))
[2018-05-12T12:23:18] [94mDebug[0m: "event" true ((null):0, (null))
[2018-05-12T12:23:18] [94mDebug[0m: "message" true ((null):0, (null))
[2018-05-12T12:23:18] [33mInfo[0m: getListEvent ((null):0, (null))
[2018-05-12T12:23:54] [94mDebug[0m: change event ((null):0, (null))
[2018-05-12T12:23:54] [33mInfo[0m: refresh () ((null):0, (null))
[2018-05-12T12:23:54] [94mDebug[0m: "barometre" ((null):0, (null))
[2018-05-12T12:23:54] [94mDebug[0m: "houloulou" ((null):0, (null))
[2018-05-12T12:23:54] [94mDebug[0m: "conso" true ((null):0, (null))
[2018-05-12T12:23:54] [94mDebug[0m: "event" true ((null):0, (null))
[2018-05-12T12:23:54] [94mDebug[0m: "message" true ((null):0, (null))
[2018-05-12T12:23:54] [33mInfo[0m: getListEvent ((null):0, (null))
[2018-05-12T12:23:57] [33mInfo[0m: open dialogEvent ((null):0, (null))
[2018-05-12T12:23:57] [33mInfo[0m: run DialogEvent ((null):0, (null))
[2018-05-12T12:23:57] [33mInfo[0m: refresh ((null):0, (null))
[2018-05-12T12:23:57] [33mInfo[0m: getListEvent ((null):0, (null))
[2018-05-12T12:23:57] [33mInfo[0m: change event ((null):0, (null))
[2018-05-12T12:23:57] [33mInfo[0m: refresh ((null):0, (null))
[2018-05-12T12:23:57] [33mInfo[0m: getListEvent ((null):0, (null))
[2018-05-12T12:23:57] [94mDebug[0m: Event filter: other key pressed ((null):0, (null))
[2018-05-12T12:23:57] [94mDebug[0m: other 16777251 ((null):0, (null))
[2018-05-12T12:23:58] [33mInfo[0m: change event ((null):0, (null))
[2018-05-12T12:23:58] [33mInfo[0m: refresh ((null):0, (null))
[2018-05-12T12:23:58] [33mInfo[0m: getListEvent ((null):0, (null))
[2018-05-12T12:23:59] [33mInfo[0m: change event ((null):0, (null))
[2018-05-12T12:23:59] [33mInfo[0m: refresh ((null):0, (null))
[2018-05-12T12:23:59] [33mInfo[0m: getListEvent ((null):0, (null))
[2018-05-12T12:24:01] [33mInfo[0m: change event ((null):0, (null))
[2018-05-12T12:24:01] [33mInfo[0m: refresh ((null):0, (null))
[2018-05-12T12:24:01] [33mInfo[0m: getListEvent ((null):0, (null))
[2018-05-12T12:24:03] [94mDebug[0m: Event filter: other key pressed ((null):0, (null))
[2018-05-12T12:24:03] [94mDebug[0m: Escape ((null):0, (null))
[2018-05-12T12:24:03] [33mInfo[0m: can run dialogEvent ((null):0, (null))
[2018-05-12T12:24:03] [33mInfo[0m: end DialogEvent ((null):0, (null))
[2018-05-12T12:24:05] [94mDebug[0m: change event ((null):0, (null))
[2018-05-12T12:24:05] [33mInfo[0m: refresh () ((null):0, (null))
[2018-05-12T12:24:05] [94mDebug[0m: "barometre" ((null):0, (null))
[2018-05-12T12:24:05] [94mDebug[0m: "houloulou" ((null):0, (null))
[2018-05-12T12:24:05] [94mDebug[0m: "conso" true ((null):0, (null))
[2018-05-12T12:24:05] [94mDebug[0m: "event" true ((null):0, (null))
[2018-05-12T12:24:05] [94mDebug[0m: "message" true ((null):0, (null))
[2018-05-12T12:24:05] [33mInfo[0m: getListEvent ((null):0, (null))
[2018-05-12T12:24:10] [33mInfo[0m: open dialogMessage ((null):0, (null))
[2018-05-12T12:24:10] [33mInfo[0m: run DialogMessage ((null):0, (null))
[2018-05-12T12:24:10] [94mDebug[0m: "barometre" ((null):0, (null))
[2018-05-12T12:24:10] [94mDebug[0m: "houloulou" ((null):0, (null))
[2018-05-12T12:24:14] [33mInfo[0m: can run dialogMessage ((null):0, (null))
[2018-05-12T12:24:14] [33mInfo[0m: end DialogMessage ((null):0, (null))
[2018-05-12T12:24:14] [94mDebug[0m: change event ((null):0, (null))
[2018-05-12T12:24:14] [33mInfo[0m: refresh () ((null):0, (null))
[2018-05-12T12:24:14] [94mDebug[0m: "barometre" ((null):0, (null))
[2018-05-12T12:24:14] [94mDebug[0m: "houloulou" ((null):0, (null))
[2018-05-12T12:24:14] [94mDebug[0m: "conso" true ((null):0, (null))
[2018-05-12T12:24:14] [94mDebug[0m: "event" true ((null):0, (null))
[2018-05-12T12:24:14] [94mDebug[0m: "message" true ((null):0, (null))
[2018-05-12T12:24:14] [33mInfo[0m: getListEvent ((null):0, (null))
[2018-05-12T12:24:18] [33mInfo[0m: open dialogConso ((null):0, (null))
[2018-05-12T12:24:18] [33mInfo[0m: run DialogConso ((null):0, (null))
[2018-05-12T12:24:19] [33mInfo[0m: can run dialogConso ((null):0, (null))
[2018-05-12T12:24:19] [33mInfo[0m: end DialogConso ((null):0, (null))
[2018-05-12T12:24:19] [94mDebug[0m: change event ((null):0, (null))
[2018-05-12T12:24:19] [33mInfo[0m: refresh () ((null):0, (null))
[2018-05-12T12:24:19] [94mDebug[0m: "barometre" ((null):0, (null))
[2018-05-12T12:24:19] [94mDebug[0m: "houloulou" ((null):0, (null))
[2018-05-12T12:24:19] [94mDebug[0m: "conso" true ((null):0, (null))
[2018-05-12T12:24:19] [94mDebug[0m: "event" true ((null):0, (null))
[2018-05-12T12:24:19] [94mDebug[0m: "message" true ((null):0, (null))
[2018-05-12T12:24:19] [33mInfo[0m: getListEvent ((null):0, (null))
[2018-05-12T12:24:20] [33mInfo[0m: open dialogEvent ((null):0, (null))
[2018-05-12T12:24:20] [33mInfo[0m: run DialogEvent ((null):0, (null))
[2018-05-12T12:24:20] [33mInfo[0m: refresh ((null):0, (null))
[2018-05-12T12:24:20] [33mInfo[0m: getListEvent ((null):0, (null))
[2018-05-12T12:24:20] [33mInfo[0m: change event ((null):0, (null))
[2018-05-12T12:24:20] [33mInfo[0m: refresh ((null):0, (null))
[2018-05-12T12:24:20] [33mInfo[0m: getListEvent ((null):0, (null))
[2018-05-12T12:24:20] [94mDebug[0m: Event filter: other key pressed ((null):0, (null))
[2018-05-12T12:24:20] [94mDebug[0m: Escape ((null):0, (null))
[2018-05-12T12:24:20] [33mInfo[0m: can run dialogEvent ((null):0, (null))
[2018-05-12T12:24:20] [33mInfo[0m: end DialogEvent ((null):0, (null))
[2018-05-12T12:24:20] [94mDebug[0m: change event ((null):0, (null))
[2018-05-12T12:24:20] [33mInfo[0m: refresh () ((null):0, (null))
[2018-05-12T12:24:20] [94mDebug[0m: "barometre" ((null):0, (null))
[2018-05-12T12:24:20] [94mDebug[0m: "houloulou" ((null):0, (null))
[2018-05-12T12:24:20] [94mDebug[0m: "conso" true ((null):0, (null))
[2018-05-12T12:24:20] [94mDebug[0m: "event" true ((null):0, (null))
[2018-05-12T12:24:20] [94mDebug[0m: "message" true ((null):0, (null))
[2018-05-12T12:24:20] [33mInfo[0m: getListEvent ((null):0, (null))
[2018-05-12T12:24:23] [33mInfo[0m: [91m~~~~~~~~~~~~FERMETURE DE L'APPLICATION()~~~~~~~~~~~~[0m ((null):0, (null))
[2018-05-12T12:24:23] [94mDebug[0m: create an display_bdd_management object ((null):0, (null))
[2018-05-12T12:24:44] [33mInfo[0m: [92m~~~~~~~~~~~~LANCEMENT DE L'APPLICATION()~~~~~~~~~~~~[0m ((null):0, (null))
[2018-05-12T12:24:44] [94mDebug[0m: ./enibar_display_config ((null):0, (null))
[2018-05-12T12:24:44] [0;31mWarning[0m: QStandardPaths: XDG_RUNTIME_DIR not set, defaulting to '/tmp/runtime-root' ((null):0, (null))
[2018-05-12T12:24:44] [33mInfo[0m: init () ((null):0, (null))
[2018-05-12T12:24:44] [94mDebug[0m: create an enibar_bdd_management object ((null):0, (null))
[2018-05-12T12:24:44] [94mDebug[0m: try to connect ((null):0, (null))
[2018-05-12T12:24:44] [94mDebug[0m: try to connect ((null):0, (null))
[2018-05-12T12:24:44] [33mInfo[0m: false ((null):0, (null))
[2018-05-12T12:24:44] [0;31mWarning[0m: fail query ((null):0, (null))
[2018-05-12T12:24:44] [33mInfo[0m: QSqlError("1", "Unable to execute statement", "near \"SHOW\": syntax error") ((null):0, (null))
[2018-05-12T12:24:46] [33mInfo[0m: config file found ((null):0, (null))
[2018-05-12T12:24:46] [94mDebug[0m: "barometre" ((null):0, (null))
[2018-05-12T12:24:46] [94mDebug[0m: "houloulou" ((null):0, (null))
[2018-05-12T12:24:46] [33mInfo[0m: refresh () ((null):0, (null))
[2018-05-12T12:24:46] [94mDebug[0m: "barometre" ((null):0, (null))
[2018-05-12T12:24:46] [94mDebug[0m: "houloulou" ((null):0, (null))
[2018-05-12T12:24:46] [94mDebug[0m: "conso" true ((null):0, (null))
[2018-05-12T12:24:46] [94mDebug[0m: "event" true ((null):0, (null))
[2018-05-12T12:24:46] [94mDebug[0m: "message" true ((null):0, (null))
[2018-05-12T12:24:46] [33mInfo[0m: getListEvent ((null):0, (null))
[2018-05-12T12:24:46] [33mInfo[0m: run ((null):0, (null))
[2018-05-12T12:24:46] [94mDebug[0m: change event ((null):0, (null))
[2018-05-12T12:24:46] [33mInfo[0m: refresh () ((null):0, (null))
[2018-05-12T12:24:46] [94mDebug[0m: "barometre" ((null):0, (null))
[2018-05-12T12:24:46] [94mDebug[0m: "houloulou" ((null):0, (null))
[2018-05-12T12:24:46] [94mDebug[0m: "conso" true ((null):0, (null))
[2018-05-12T12:24:46] [94mDebug[0m: "event" true ((null):0, (null))
[2018-05-12T12:24:46] [94mDebug[0m: "message" true ((null):0, (null))
[2018-05-12T12:24:46] [33mInfo[0m: getListEvent ((null):0, (null))
[2018-05-12T12:24:47] [33mInfo[0m: open dialogMessage ((null):0, (null))
[2018-05-12T12:24:47] [33mInfo[0m: run DialogMessage ((null):0, (null))
[2018-05-12T12:24:47] [94mDebug[0m: "barometre" ((null):0, (null))
[2018-05-12T12:24:47] [94mDebug[0m: "houloulou" ((null):0, (null))
[2018-05-12T12:24:49] [33mInfo[0m: can run dialogMessage ((null):0, (null))
[2018-05-12T12:24:49] [33mInfo[0m: end DialogMessage ((null):0, (null))
[2018-05-12T12:24:49] [94mDebug[0m: change event ((null):0, (null))
[2018-05-12T12:24:49] [33mInfo[0m: refresh () ((null):0, (null))
[2018-05-12T12:24:49] [94mDebug[0m: "barometre" ((null):0, (null))
[2018-05-12T12:24:49] [94mDebug[0m: "houloulou" ((null):0, (null))
[2018-05-12T12:24:49] [94mDebug[0m: "conso" true ((null):0, (null))
[2018-05-12T12:24:49] [94mDebug[0m: "event" true ((null):0, (null))
[2018-05-12T12:24:49] [94mDebug[0m: "message" true ((null):0, (null))
[2018-05-12T12:24:49] [33mInfo[0m: getListEvent ((null):0, (null))
[2018-05-12T12:25:57] [33mInfo[0m: [91m~~~~~~~~~~~~FERMETURE DE L'APPLICATION()~~~~~~~~~~~~[0m ((null):0, (null))
[2018-05-12T12:25:57] [94mDebug[0m: create an display_bdd_management object ((null):0, (null))
